18:37:57.115,Refreshing org.springframework.context.annotation.AnnotationConfigApplicationContext@345f69f3: startup date [Mon Mar 05 18:37:57 CST 2018]; root of context hierarchy
18:37:57.754,HV000001: Hibernate Validator 5.3.6.Final
18:37:57.889,JSR-330 'javax.inject.Inject' annotation found and supported for autowiring
18:37:57.973,Bean 'configurationPropertiesRebinderAutoConfiguration' of type [org.springframework.cloud.autoconfigure.ConfigurationPropertiesRebinderAutoConfiguration$$EnhancerBySpringCGLIB$$aa613963] is not eligible for getting processed by all BeanPostProcessors (for example: not eligible for auto-proxying)
18:37:59.072,No active profile set, falling back to default profiles: default
18:37:59.108,Refreshing org.springframework.boot.context.embedded.AnnotationConfigEmbeddedWebApplicationContext@1d01dfa5: startup date [Mon Mar 05 18:37:59 CST 2018]; parent: org.springframework.context.annotation.AnnotationConfigApplicationContext@345f69f3
18:38:00.906,Multiple Spring Data modules found, entering strict repository configuration mode!
18:38:01.031,Multiple Spring Data modules found, entering strict repository configuration mode!
18:38:01.097,Spring Data Redis - Could not safely identify store assignment for repository candidate interface com.nhb.NBIot.dataaccess.dao.DeviceInfoDao.
18:38:01.100,Spring Data Redis - Could not safely identify store assignment for repository candidate interface com.nhb.NBIot.dataaccess.dao.HistoryDataDao.
18:38:01.101,Spring Data Redis - Could not safely identify store assignment for repository candidate interface com.nhb.NBIot.dataaccess.dao.RealtimeDataDao.
18:38:01.102,Spring Data Redis - Could not safely identify store assignment for repository candidate interface com.nhb.NBIot.dataaccess.dao.TokenInfoDao.
18:38:01.812,BeanFactory id=e8fd48f3-3173-3a02-8620-5a377ce6d037
18:38:01.861,JSR-330 'javax.inject.Inject' annotation found and supported for autowiring
18:38:02.050,Bean 'org.springframework.cloud.netflix.metrics.MetricsInterceptorConfiguration$MetricsRestTemplateConfiguration' of type [org.springframework.cloud.netflix.metrics.MetricsInterceptorConfiguration$MetricsRestTemplateConfiguration$$EnhancerBySpringCGLIB$$c073dca7] is not eligible for getting processed by all BeanPostProcessors (for example: not eligible for auto-proxying)
18:38:02.090,Bean 'org.springframework.cloud.autoconfigure.ConfigurationPropertiesRebinderAutoConfiguration' of type [org.springframework.cloud.autoconfigure.ConfigurationPropertiesRebinderAutoConfiguration$$EnhancerBySpringCGLIB$$aa613963] is not eligible for getting processed by all BeanPostProcessors (for example: not eligible for auto-proxying)
18:38:03.014,Tomcat initialized with port(s): 9093 (http) 37000 (https)
18:38:03.035,Starting service [Tomcat]
18:38:03.038,Starting Servlet Engine: Apache Tomcat/8.5.27
18:38:03.689,At least one JAR was scanned for TLDs yet contained no TLDs. Enable debug logging for this logger for a complete list of JARs that were scanned but no TLDs were found in them. Skipping unneeded JARs during scanning can improve startup time and JSP compilation time.
18:38:03.696,Initializing Spring embedded WebApplicationContext
18:38:03.697,Root WebApplicationContext: initialization completed in 4589 ms
18:38:04.363,Mapping servlet: 'dispatcherServlet' to [/]
18:38:04.374,Mapping filter: 'metricsFilter' to: [/*]
18:38:04.375,Mapping filter: 'characterEncodingFilter' to: [/*]
18:38:04.375,Mapping filter: 'hiddenHttpMethodFilter' to: [/*]
18:38:04.376,Mapping filter: 'httpPutFormContentFilter' to: [/*]
18:38:04.376,Mapping filter: 'requestContextFilter' to: [/*]
18:38:04.376,Mapping filter: 'webRequestLoggingFilter' to: [/*]
18:38:04.376,Mapping filter: 'crosFilter' to: [/*]
18:38:04.376,Mapping filter: 'applicationContextIdFilter' to: [/*]
18:38:07.302,Cluster created with settings {hosts=[192.168.1.90:17000], mode=MULTIPLE, requiredClusterType=UNKNOWN, serverSelectionTimeout='30000 ms', maxWaitQueueSize=500}
18:38:07.303,Adding discovered server 192.168.1.90:17000 to client view of cluster
18:38:07.447,Opened connection [connectionId{localValue:1, serverValue:1296}] to 192.168.1.90:17000
18:38:07.453,Monitor thread successfully connected to server with description ServerDescription{address=192.168.1.90:17000, type=STANDALONE, state=CONNECTED, ok=true, version=ServerVersion{versionList=[3, 4, 6]}, minWireVersion=0, maxWireVersion=5, maxDocumentSize=16777216, roundTripTimeNanos=3679735}
18:38:07.456,Discovered cluster type of STANDALONE
18:38:10.369,Mapped "{[/na/iocm/devNotify/v1.1.0/addDevice],methods=[POST],produces=[application/json]}" onto public org.springframework.http.ResponseEntity<org.springframework.http.HttpStatus> com.nhb.NBIot.api.callback.MessageNotificationController.addDevice(com.nhb.NBIot.dto.device.DeviceAddedDTO) throws java.lang.Exception
18:38:10.371,Mapped "{[/na/iocm/devNotify/v1.1.0/updateDeviceInfo],methods=[POST],produces=[application/json]}" onto public org.springframework.http.ResponseEntity<org.springframework.http.HttpStatus> com.nhb.NBIot.api.callback.MessageNotificationController.updateDeviceInfo(com.nhb.NBIot.dto.device.DeviceAddedDTO) throws java.lang.Exception
18:38:10.372,Mapped "{[/na/iocm/devNotify/v1.1.0/updateDeviceData],methods=[POST],produces=[application/json]}" onto public org.springframework.http.ResponseEntity<org.springframework.http.HttpStatus> com.nhb.NBIot.api.callback.MessageNotificationController.updateDeviceData(com.nhb.NBIot.dto.data.DeviceDataChangedDTO) throws java.lang.Exception
18:38:10.373,Mapped "{[/na/iocm/devNotify/v1.1.0/deletedDevice],methods=[POST],produces=[application/json]}" onto public org.springframework.http.ResponseEntity<org.springframework.http.HttpStatus> com.nhb.NBIot.api.callback.MessageNotificationController.deleteDevice(com.nhb.NBIot.dto.device.DeviceAddedDTO)
18:38:10.378,Mapped "{[/nhb/nbiot/data/collector/v1/subscribe],methods=[POST]}" onto public com.nhb.utils.nhb_utils.common.RestResultDto com.nhb.NBIot.api.DataCollectorController.subscribe(java.lang.String)
18:38:10.380,Mapped "{[/nhb/nbiot/data/collector/v1/queryDevice],methods=[POST]}" onto public com.nhb.utils.nhb_utils.common.RestResultDto com.nhb.NBIot.api.DataCollectorController.queryDevice(java.lang.String)
18:38:10.380,Mapped "{[/nhb/nbiot/data/collector/v1/queryDevices],methods=[POST]}" onto public com.nhb.utils.nhb_utils.common.RestResultDto com.nhb.NBIot.api.DataCollectorController.queryDevices(com.nhb.NBIot.request.data.QueryDevicesRequest)
18:38:10.381,Mapped "{[/nhb/nbiot/data/collector/v1/deviceDataHistory],methods=[POST]}" onto public com.nhb.utils.nhb_utils.common.RestResultDto com.nhb.NBIot.api.DataCollectorController.deviceDataHistory(com.nhb.NBIot.request.data.DataHistoryRequest)
18:38:10.384,Mapped "{[/nhb/nbiot/device/manage/v1/modifyDeviceInfo],methods=[POST]}" onto public com.nhb.utils.nhb_utils.common.RestResultDto com.nhb.NBIot.api.DeviceManageController.modifyDeviceInfo(com.nhb.NBIot.request.device.UpdateDeviceInfoRequest)
18:38:10.384,Mapped "{[/nhb/nbiot/device/manage/v1/registerDirectlyConnectedDevice],methods=[POST]}" onto public com.nhb.utils.nhb_utils.common.RestResultDto com.nhb.NBIot.api.DeviceManageController.registerDirectlyConnectedDevice(com.nhb.NBIot.request.device.RegisterDeviceRequest)
18:38:10.385,Mapped "{[/nhb/nbiot/device/manage/v1/deleteDirectlyConnectedDevice],methods=[POST]}" onto public com.nhb.utils.nhb_utils.common.RestResultDto com.nhb.NBIot.api.DeviceManageController.deleteDirectlyConnectedDevice(com.nhb.NBIot.request.device.DeleteDeviceRequest)
18:38:10.392,Mapped "{[/swagger-resources/configuration/security]}" onto public org.springframework.http.ResponseEntity<springfox.documentation.swagger.web.SecurityConfiguration> springfox.documentation.swagger.web.ApiResourceController.securityConfiguration()
18:38:10.394,Mapped "{[/swagger-resources]}" onto public org.springframework.http.ResponseEntity<java.util.List<springfox.documentation.swagger.web.SwaggerResource>> springfox.documentation.swagger.web.ApiResourceController.swaggerResources()
18:38:10.396,Mapped "{[/swagger-resources/configuration/ui]}" onto public org.springframework.http.ResponseEntity<springfox.documentation.swagger.web.UiConfiguration> springfox.documentation.swagger.web.ApiResourceController.uiConfiguration()
18:38:10.422,Mapped "{[/error]}" onto public org.springframework.http.ResponseEntity<java.util.Map<java.lang.String, java.lang.Object>> org.springframework.boot.autoconfigure.web.BasicErrorController.error(javax.servlet.http.HttpServletRequest)
18:38:10.424,Mapped "{[/error],produces=[text/html]}" onto public org.springframework.web.servlet.ModelAndView org.springframework.boot.autoconfigure.web.BasicErrorController.errorHtml(javax.servlet.http.HttpServletRequest,javax.servlet.http.HttpServletResponse)
18:38:12.716,Mapped "{[/info || /info.json],methods=[GET],produces=[application/vnd.spring-boot.actuator.v1+json || application/json]}" onto public java.lang.Object org.springframework.boot.actuate.endpoint.mvc.EndpointMvcAdapter.invoke()
18:38:12.718,Mapped "{[/archaius || /archaius.json],methods=[GET],produces=[application/vnd.spring-boot.actuator.v1+json || application/json]}" onto public java.lang.Object org.springframework.boot.actuate.endpoint.mvc.EndpointMvcAdapter.invoke()
18:38:12.728,Mapped "{[/service-registry/instance-status],methods=[GET]}" onto public org.springframework.http.ResponseEntity org.springframework.cloud.client.serviceregistry.endpoint.ServiceRegistryEndpoint.getStatus()
18:38:12.732,Mapped "{[/service-registry/instance-status],methods=[POST]}" onto public org.springframework.http.ResponseEntity<?> org.springframework.cloud.client.serviceregistry.endpoint.ServiceRegistryEndpoint.setStatus(java.lang.String)
18:38:12.741,Mapped "{[/mappings || /mappings.json],methods=[GET],produces=[application/vnd.spring-boot.actuator.v1+json || application/json]}" onto public java.lang.Object org.springframework.boot.actuate.endpoint.mvc.EndpointMvcAdapter.invoke()
18:38:12.742,Mapped "{[/autoconfig || /autoconfig.json],methods=[GET],produces=[application/vnd.spring-boot.actuator.v1+json || application/json]}" onto public java.lang.Object org.springframework.boot.actuate.endpoint.mvc.EndpointMvcAdapter.invoke()
18:38:12.757,Mapped "{[/restart || /restart.json],methods=[POST]}" onto public java.lang.Object org.springframework.cloud.context.restart.RestartMvcEndpoint.invoke()
18:38:12.758,Mapped "{[/pause || /pause.json],methods=[POST]}" onto public java.lang.Object org.springframework.cloud.endpoint.GenericPostableMvcEndpoint.invoke()
18:38:12.777,Mapped "{[/heapdump || /heapdump.json],methods=[GET],produces=[application/octet-stream]}" onto public void org.springframework.boot.actuate.endpoint.mvc.HeapdumpMvcEndpoint.invoke(boolean,javax.servlet.http.HttpServletRequest,javax.servlet.http.HttpServletResponse) throws java.io.IOException,javax.servlet.ServletException
18:38:12.787,Mapped "{[/health || /health.json],methods=[GET],produces=[application/vnd.spring-boot.actuator.v1+json || application/json]}" onto public java.lang.Object org.springframework.boot.actuate.endpoint.mvc.HealthMvcEndpoint.invoke(javax.servlet.http.HttpServletRequest,java.security.Principal)
18:38:12.789,Mapped "{[/beans || /beans.json],methods=[GET],produces=[application/vnd.spring-boot.actuator.v1+json || application/json]}" onto public java.lang.Object org.springframework.boot.actuate.endpoint.mvc.EndpointMvcAdapter.invoke()
18:38:12.797,Mapped "{[/resume || /resume.json],methods=[POST]}" onto public java.lang.Object org.springframework.cloud.endpoint.GenericPostableMvcEndpoint.invoke()
18:38:12.806,Mapped "{[/dump || /dump.json],methods=[GET],produces=[application/vnd.spring-boot.actuator.v1+json || application/json]}" onto public java.lang.Object org.springframework.boot.actuate.endpoint.mvc.EndpointMvcAdapter.invoke()
18:38:12.807,Mapped "{[/features || /features.json],methods=[GET],produces=[application/vnd.spring-boot.actuator.v1+json || application/json]}" onto public java.lang.Object org.springframework.boot.actuate.endpoint.mvc.EndpointMvcAdapter.invoke()
18:38:12.817,Mapped "{[/metrics/{name:.*}],methods=[GET],produces=[application/vnd.spring-boot.actuator.v1+json || application/json]}" onto public java.lang.Object org.springframework.boot.actuate.endpoint.mvc.MetricsMvcEndpoint.value(java.lang.String)
18:38:12.818,Mapped "{[/metrics || /metrics.json],methods=[GET],produces=[application/vnd.spring-boot.actuator.v1+json || application/json]}" onto public java.lang.Object org.springframework.boot.actuate.endpoint.mvc.EndpointMvcAdapter.invoke()
18:38:12.820,Mapped "{[/refresh || /refresh.json],methods=[POST]}" onto public java.lang.Object org.springframework.cloud.endpoint.GenericPostableMvcEndpoint.invoke()
18:38:12.824,Mapped "{[/env/{name:.*}],methods=[GET],produces=[application/vnd.spring-boot.actuator.v1+json || application/json]}" onto public java.lang.Object org.springframework.boot.actuate.endpoint.mvc.EnvironmentMvcEndpoint.value(java.lang.String)
18:38:12.826,Mapped "{[/env || /env.json],methods=[GET],produces=[application/vnd.spring-boot.actuator.v1+json || application/json]}" onto public java.lang.Object org.springframework.boot.actuate.endpoint.mvc.EndpointMvcAdapter.invoke()
18:38:12.839,Mapped "{[/auditevents || /auditevents.json],methods=[GET],produces=[application/vnd.spring-boot.actuator.v1+json || application/json]}" onto public org.springframework.http.ResponseEntity<?> org.springframework.boot.actuate.endpoint.mvc.AuditEventsMvcEndpoint.findByPrincipalAndAfterAndType(java.lang.String,java.util.Date,java.lang.String)
18:38:12.841,Mapped "{[/trace || /trace.json],methods=[GET],produces=[application/vnd.spring-boot.actuator.v1+json || application/json]}" onto public java.lang.Object org.springframework.boot.actuate.endpoint.mvc.EndpointMvcAdapter.invoke()
18:38:12.842,Mapped "{[/configprops || /configprops.json],methods=[GET],produces=[application/vnd.spring-boot.actuator.v1+json || application/json]}" onto public java.lang.Object org.springframework.boot.actuate.endpoint.mvc.EndpointMvcAdapter.invoke()
18:38:12.844,Mapped "{[/loggers/{name:.*}],methods=[GET],produces=[application/vnd.spring-boot.actuator.v1+json || application/json]}" onto public java.lang.Object org.springframework.boot.actuate.endpoint.mvc.LoggersMvcEndpoint.get(java.lang.String)
18:38:12.845,Mapped "{[/loggers/{name:.*}],methods=[POST],consumes=[application/vnd.spring-boot.actuator.v1+json || application/json],produces=[application/vnd.spring-boot.actuator.v1+json || application/json]}" onto public java.lang.Object org.springframework.boot.actuate.endpoint.mvc.LoggersMvcEndpoint.set(java.lang.String,java.util.Map<java.lang.String, java.lang.String>)
18:38:12.845,Mapped "{[/loggers || /loggers.json],methods=[GET],produces=[application/vnd.spring-boot.actuator.v1+json || application/json]}" onto public java.lang.Object org.springframework.boot.actuate.endpoint.mvc.EndpointMvcAdapter.invoke()
18:38:12.847,Mapped "{[/env],methods=[POST]}" onto public java.lang.Object org.springframework.cloud.context.environment.EnvironmentManagerMvcEndpoint.value(java.util.Map<java.lang.String, java.lang.String>)
18:38:12.847,Mapped "{[/env/reset],methods=[POST]}" onto public java.util.Map<java.lang.String, java.lang.Object> org.springframework.cloud.context.environment.EnvironmentManagerMvcEndpoint.reset()
18:38:13.293,Mapped URL path [/v2/api-docs] onto method [public org.springframework.http.ResponseEntity<springfox.documentation.spring.web.json.Json> springfox.documentation.swagger2.web.Swagger2Controller.getDocumentation(java.lang.String,javax.servlet.http.HttpServletRequest)]
18:38:13.862,Looking for @ControllerAdvice: org.springframework.boot.context.embedded.AnnotationConfigEmbeddedWebApplicationContext@1d01dfa5: startup date [Mon Mar 05 18:37:59 CST 2018]; parent: org.springframework.context.annotation.AnnotationConfigApplicationContext@345f69f3
18:38:14.012,Mapped URL path [/webjars/**] onto handler of type [class org.springframework.web.servlet.resource.ResourceHttpRequestHandler]
18:38:14.012,Mapped URL path [/**] onto handler of type [class org.springframework.web.servlet.resource.ResourceHttpRequestHandler]
18:38:14.089,Mapped URL path [/**/favicon.ico] onto handler of type [class org.springframework.web.servlet.resource.ResourceHttpRequestHandler]
18:38:15.014,No URLs will be polled as dynamic configuration sources.
18:38:15.015,To enable URLs as dynamic configuration sources, define System property archaius.configurationSource.additionalUrls or make config.properties available on classpath.
18:38:15.029,No URLs will be polled as dynamic configuration sources.
18:38:15.030,To enable URLs as dynamic configuration sources, define System property archaius.configurationSource.additionalUrls or make config.properties available on classpath.
18:38:15.515,Registering beans for JMX exposure on startup
18:38:15.532,Bean with name 'environmentManager' has been autodetected for JMX exposure
18:38:15.538,Bean with name 'configurationPropertiesRebinder' has been autodetected for JMX exposure
18:38:15.541,Bean with name 'refreshEndpoint' has been autodetected for JMX exposure
18:38:15.543,Bean with name 'restartEndpoint' has been autodetected for JMX exposure
18:38:15.545,Bean with name 'serviceRegistryEndpoint' has been autodetected for JMX exposure
18:38:15.547,Bean with name 'refreshScope' has been autodetected for JMX exposure
18:38:15.552,Located managed bean 'environmentManager': registering with JMX server as MBean [org.springframework.cloud.context.environment:name=environmentManager,type=EnvironmentManager]
18:38:15.572,Located managed bean 'restartEndpoint': registering with JMX server as MBean [org.springframework.cloud.context.restart:name=restartEndpoint,type=RestartEndpoint]
18:38:15.604,Located managed bean 'serviceRegistryEndpoint': registering with JMX server as MBean [org.springframework.cloud.client.serviceregistry.endpoint:name=serviceRegistryEndpoint,type=ServiceRegistryEndpoint]
18:38:15.616,Located managed bean 'refreshScope': registering with JMX server as MBean [org.springframework.cloud.context.scope.refresh:name=refreshScope,type=RefreshScope]
18:38:15.645,Located managed bean 'configurationPropertiesRebinder': registering with JMX server as MBean [org.springframework.cloud.context.properties:name=configurationPropertiesRebinder,context=1d01dfa5,type=ConfigurationPropertiesRebinder]
18:38:15.660,Located managed bean 'refreshEndpoint': registering with JMX server as MBean [org.springframework.cloud.endpoint:name=refreshEndpoint,type=RefreshEndpoint]
18:38:15.662,Registering beans for JMX exposure on startup
18:38:16.004,Starting beans in phase 0
18:38:16.018,Setting initial instance status as: STARTING
18:38:16.092,Initializing Eureka in region us-east-1
18:38:16.315,Using JSON encoding codec LegacyJacksonJson
18:38:16.315,Using JSON decoding codec LegacyJacksonJson
18:38:16.556,Using XML encoding codec XStreamXml
18:38:16.557,Using XML decoding codec XStreamXml
18:38:17.000,Resolving eureka endpoints via configuration
18:38:17.334,Disable delta property : false
18:38:17.335,Single vip registry refresh property : null
18:38:17.335,Force full registry fetch : false
18:38:17.335,Application is null : false
18:38:17.335,Registered Applications size is zero : true
18:38:17.335,Application version is -1: true
18:38:17.335,Getting all instance registry info from the eureka server
18:38:17.817,The response status is 200
18:38:17.821,Starting heartbeat executor: renew interval is: 30
18:38:17.826,InstanceInfoReplicator onDemand update allowed rate per min is 4
18:38:17.832,Discovery Client initialized at timestamp 1520246297831 with initial instances count: 4
18:38:17.877,Registering application nbiot-app with eureka with status UP
18:38:17.878,Saw local status change event StatusChangeEvent [timestamp=1520246297878, current=UP, previous=STARTING]
18:38:17.886,Located managed bean 'auditEventsEndpoint': registering with JMX server as MBean [org.springframework.boot:type=Endpoint,name=auditEventsEndpoint]
18:38:17.897,Located managed bean 'featuresEndpoint': registering with JMX server as MBean [org.springframework.boot:type=Endpoint,name=featuresEndpoint]
18:38:17.916,Located managed bean 'requestMappingEndpoint': registering with JMX server as MBean [org.springframework.boot:type=Endpoint,name=requestMappingEndpoint]
18:38:17.920,Located managed bean 'environmentEndpoint': registering with JMX server as MBean [org.springframework.boot:type=Endpoint,name=environmentEndpoint]
18:38:17.925,Located managed bean 'healthEndpoint': registering with JMX server as MBean [org.springframework.boot:type=Endpoint,name=healthEndpoint]
18:38:17.929,Located managed bean 'beansEndpoint': registering with JMX server as MBean [org.springframework.boot:type=Endpoint,name=beansEndpoint]
18:38:17.933,Located managed bean 'infoEndpoint': registering with JMX server as MBean [org.springframework.boot:type=Endpoint,name=infoEndpoint]
18:38:17.938,Located managed bean 'loggersEndpoint': registering with JMX server as MBean [org.springframework.boot:type=Endpoint,name=loggersEndpoint]
18:38:17.948,Located managed bean 'metricsEndpoint': registering with JMX server as MBean [org.springframework.boot:type=Endpoint,name=metricsEndpoint]
18:38:17.953,Located managed bean 'traceEndpoint': registering with JMX server as MBean [org.springframework.boot:type=Endpoint,name=traceEndpoint]
18:38:17.957,Located managed bean 'dumpEndpoint': registering with JMX server as MBean [org.springframework.boot:type=Endpoint,name=dumpEndpoint]
18:38:17.962,Located managed bean 'autoConfigurationReportEndpoint': registering with JMX server as MBean [org.springframework.boot:type=Endpoint,name=autoConfigurationReportEndpoint]
18:38:17.966,Located managed bean 'configurationPropertiesReportEndpoint': registering with JMX server as MBean [org.springframework.boot:type=Endpoint,name=configurationPropertiesReportEndpoint]
18:38:17.970,Located managed bean 'archaiusEndpoint': registering with JMX server as MBean [org.springframework.boot:type=Endpoint,name=archaiusEndpoint]
18:38:17.973,Starting beans in phase 2147483647
18:38:17.974,Context refreshed
18:38:18.046,Found 1 custom documentation plugin(s)
18:38:18.273,Opened connection [connectionId{localValue:2, serverValue:1297}] to 192.168.1.90:17000
18:38:18.317,DiscoveryClient_NBIOT-APP/xuyahui:nbiot-app:9093: registering service...
18:38:18.346,Scanning for api listing references
18:38:18.393,DiscoveryClient_NBIOT-APP/xuyahui:nbiot-app:9093 - registration status: 204
18:38:19.285,No TaskScheduler/ScheduledExecutorService bean found for scheduled processing
18:38:19.315,Initializing ProtocolHandler ["http-nio-9093"]
18:38:19.333,Starting ProtocolHandler ["http-nio-9093"]
18:38:19.365,Using a shared selector for servlet write/read
18:38:19.397,Initializing ProtocolHandler ["https-jsse-nio-37000"]
18:38:19.537,Using a shared selector for servlet write/read
18:38:19.541,Starting ProtocolHandler ["https-jsse-nio-37000"]
18:38:19.608,Tomcat started on port(s): 9093 (http) 37000 (https)
18:38:19.610,Updating port to 9093
18:38:19.618,Started NBIoTApplication in 23.934 seconds (JVM running for 25.257)
18:43:17.345,Resolving eureka endpoints via configuration
18:47:31.634,Initializing Spring FrameworkServlet 'dispatcherServlet'
18:47:31.634,FrameworkServlet 'dispatcherServlet': initialization started
18:47:31.684,FrameworkServlet 'dispatcherServlet': initialization completed in 49 ms
18:48:17.352,Resolving eureka endpoints via configuration
18:53:17.359,Resolving eureka endpoints via configuration
18:58:17.366,Resolving eureka endpoints via configuration
19:03:17.374,Resolving eureka endpoints via configuration
19:08:17.381,Resolving eureka endpoints via configuration
19:13:02.160,Refreshing org.springframework.context.annotation.AnnotationConfigApplicationContext@345f69f3: startup date [Mon Mar 05 19:13:02 CST 2018]; root of context hierarchy
19:13:02.736,HV000001: Hibernate Validator 5.3.6.Final
19:13:02.801,JSR-330 'javax.inject.Inject' annotation found and supported for autowiring
19:13:02.891,Bean 'configurationPropertiesRebinderAutoConfiguration' of type [org.springframework.cloud.autoconfigure.ConfigurationPropertiesRebinderAutoConfiguration$$EnhancerBySpringCGLIB$$f0c49bde] is not eligible for getting processed by all BeanPostProcessors (for example: not eligible for auto-proxying)
19:13:03.941,No active profile set, falling back to default profiles: default
19:13:03.978,Refreshing org.springframework.boot.context.embedded.AnnotationConfigEmbeddedWebApplicationContext@5a9800f8: startup date [Mon Mar 05 19:13:03 CST 2018]; parent: org.springframework.context.annotation.AnnotationConfigApplicationContext@345f69f3
19:13:05.806,Multiple Spring Data modules found, entering strict repository configuration mode!
19:13:05.920,Multiple Spring Data modules found, entering strict repository configuration mode!
19:13:05.974,Spring Data Redis - Could not safely identify store assignment for repository candidate interface com.nhb.NBIot.dataaccess.dao.DeviceInfoDao.
19:13:05.975,Spring Data Redis - Could not safely identify store assignment for repository candidate interface com.nhb.NBIot.dataaccess.dao.HistoryDataDao.
19:13:05.976,Spring Data Redis - Could not safely identify store assignment for repository candidate interface com.nhb.NBIot.dataaccess.dao.RealtimeDataDao.
19:13:05.977,Spring Data Redis - Could not safely identify store assignment for repository candidate interface com.nhb.NBIot.dataaccess.dao.TokenInfoDao.
19:13:06.612,BeanFactory id=e8fd48f3-3173-3a02-8620-5a377ce6d037
19:13:06.686,JSR-330 'javax.inject.Inject' annotation found and supported for autowiring
19:13:06.951,Bean 'org.springframework.cloud.netflix.metrics.MetricsInterceptorConfiguration$MetricsRestTemplateConfiguration' of type [org.springframework.cloud.netflix.metrics.MetricsInterceptorConfiguration$MetricsRestTemplateConfiguration$$EnhancerBySpringCGLIB$$6d73f22] is not eligible for getting processed by all BeanPostProcessors (for example: not eligible for auto-proxying)
19:13:07.002,Bean 'org.springframework.cloud.autoconfigure.ConfigurationPropertiesRebinderAutoConfiguration' of type [org.springframework.cloud.autoconfigure.ConfigurationPropertiesRebinderAutoConfiguration$$EnhancerBySpringCGLIB$$f0c49bde] is not eligible for getting processed by all BeanPostProcessors (for example: not eligible for auto-proxying)
19:13:08.100,Tomcat initialized with port(s): 9093 (http) 37000 (https)
19:13:08.141,Starting service [Tomcat]
19:13:08.144,Starting Servlet Engine: Apache Tomcat/8.5.27
19:13:08.931,At least one JAR was scanned for TLDs yet contained no TLDs. Enable debug logging for this logger for a complete list of JARs that were scanned but no TLDs were found in them. Skipping unneeded JARs during scanning can improve startup time and JSP compilation time.
19:13:08.976,Initializing Spring embedded WebApplicationContext
19:13:08.976,Root WebApplicationContext: initialization completed in 4998 ms
19:13:09.835,Mapping servlet: 'dispatcherServlet' to [/]
19:13:09.848,Mapping filter: 'metricsFilter' to: [/*]
19:13:09.848,Mapping filter: 'characterEncodingFilter' to: [/*]
19:13:09.849,Mapping filter: 'hiddenHttpMethodFilter' to: [/*]
19:13:09.849,Mapping filter: 'httpPutFormContentFilter' to: [/*]
19:13:09.849,Mapping filter: 'requestContextFilter' to: [/*]
19:13:09.849,Mapping filter: 'webRequestLoggingFilter' to: [/*]
19:13:09.849,Mapping filter: 'crosFilter' to: [/*]
19:13:09.849,Mapping filter: 'applicationContextIdFilter' to: [/*]
19:13:11.989,Cluster created with settings {hosts=[192.168.1.90:17000], mode=MULTIPLE, requiredClusterType=UNKNOWN, serverSelectionTimeout='30000 ms', maxWaitQueueSize=500}
19:13:11.989,Adding discovered server 192.168.1.90:17000 to client view of cluster
19:13:12.114,Opened connection [connectionId{localValue:1, serverValue:1300}] to 192.168.1.90:17000
19:13:12.123,Monitor thread successfully connected to server with description ServerDescription{address=192.168.1.90:17000, type=STANDALONE, state=CONNECTED, ok=true, version=ServerVersion{versionList=[3, 4, 6]}, minWireVersion=0, maxWireVersion=5, maxDocumentSize=16777216, roundTripTimeNanos=6055466}
19:13:12.125,Discovered cluster type of STANDALONE
19:13:13.780,Mapped "{[/na/iocm/devNotify/v1.1.0/updateDeviceInfo],methods=[POST],produces=[application/json]}" onto public org.springframework.http.ResponseEntity<org.springframework.http.HttpStatus> com.nhb.NBIot.api.callback.MessageNotificationController.updateDeviceInfo(com.nhb.NBIot.dto.device.DeviceAddedDTO) throws java.lang.Exception
19:13:13.782,Mapped "{[/na/iocm/devNotify/v1.1.0/updateDeviceData],methods=[POST],produces=[application/json]}" onto public org.springframework.http.ResponseEntity<org.springframework.http.HttpStatus> com.nhb.NBIot.api.callback.MessageNotificationController.updateDeviceData(com.nhb.NBIot.dto.data.DeviceDataChangedDTO) throws java.lang.Exception
19:13:13.782,Mapped "{[/na/iocm/devNotify/v1.1.0/addDevice],methods=[POST],produces=[application/json]}" onto public org.springframework.http.ResponseEntity<org.springframework.http.HttpStatus> com.nhb.NBIot.api.callback.MessageNotificationController.addDevice(com.nhb.NBIot.dto.device.DeviceAddedDTO) throws java.lang.Exception
19:13:13.783,Mapped "{[/na/iocm/devNotify/v1.1.0/deletedDevice],methods=[POST],produces=[application/json]}" onto public org.springframework.http.ResponseEntity<org.springframework.http.HttpStatus> com.nhb.NBIot.api.callback.MessageNotificationController.deleteDevice(com.nhb.NBIot.dto.device.DeviceAddedDTO)
19:13:13.789,Mapped "{[/nhb/nbiot/data/collector/v1/queryDevice],methods=[POST]}" onto public com.nhb.utils.nhb_utils.common.RestResultDto com.nhb.NBIot.api.DataCollectorController.queryDevice(java.lang.String)
19:13:13.790,Mapped "{[/nhb/nbiot/data/collector/v1/queryDevices],methods=[POST]}" onto public com.nhb.utils.nhb_utils.common.RestResultDto com.nhb.NBIot.api.DataCollectorController.queryDevices(com.nhb.NBIot.request.data.QueryDevicesRequest)
19:13:13.791,Mapped "{[/nhb/nbiot/data/collector/v1/subscribe],methods=[POST]}" onto public com.nhb.utils.nhb_utils.common.RestResultDto com.nhb.NBIot.api.DataCollectorController.subscribe(java.lang.String)
19:13:13.792,Mapped "{[/nhb/nbiot/data/collector/v1/deviceDataHistory],methods=[POST]}" onto public com.nhb.utils.nhb_utils.common.RestResultDto com.nhb.NBIot.api.DataCollectorController.deviceDataHistory(com.nhb.NBIot.request.data.DataHistoryRequest)
19:13:13.795,Mapped "{[/nhb/nbiot/device/manage/v1/modifyDeviceInfo],methods=[POST]}" onto public com.nhb.utils.nhb_utils.common.RestResultDto com.nhb.NBIot.api.DeviceManageController.modifyDeviceInfo(com.nhb.NBIot.request.device.UpdateDeviceInfoRequest)
19:13:13.795,Mapped "{[/nhb/nbiot/device/manage/v1/registerDirectlyConnectedDevice],methods=[POST]}" onto public com.nhb.utils.nhb_utils.common.RestResultDto com.nhb.NBIot.api.DeviceManageController.registerDirectlyConnectedDevice(com.nhb.NBIot.request.device.RegisterDeviceRequest)
19:13:13.795,Mapped "{[/nhb/nbiot/device/manage/v1/deleteDirectlyConnectedDevice],methods=[POST]}" onto public com.nhb.utils.nhb_utils.common.RestResultDto com.nhb.NBIot.api.DeviceManageController.deleteDirectlyConnectedDevice(com.nhb.NBIot.request.device.DeleteDeviceRequest)
19:13:13.804,Mapped "{[/swagger-resources]}" onto public org.springframework.http.ResponseEntity<java.util.List<springfox.documentation.swagger.web.SwaggerResource>> springfox.documentation.swagger.web.ApiResourceController.swaggerResources()
19:13:13.806,Mapped "{[/swagger-resources/configuration/ui]}" onto public org.springframework.http.ResponseEntity<springfox.documentation.swagger.web.UiConfiguration> springfox.documentation.swagger.web.ApiResourceController.uiConfiguration()
19:13:13.808,Mapped "{[/swagger-resources/configuration/security]}" onto public org.springframework.http.ResponseEntity<springfox.documentation.swagger.web.SecurityConfiguration> springfox.documentation.swagger.web.ApiResourceController.securityConfiguration()
19:13:13.820,Mapped "{[/error]}" onto public org.springframework.http.ResponseEntity<java.util.Map<java.lang.String, java.lang.Object>> org.springframework.boot.autoconfigure.web.BasicErrorController.error(javax.servlet.http.HttpServletRequest)
19:13:13.821,Mapped "{[/error],produces=[text/html]}" onto public org.springframework.web.servlet.ModelAndView org.springframework.boot.autoconfigure.web.BasicErrorController.errorHtml(javax.servlet.http.HttpServletRequest,javax.servlet.http.HttpServletResponse)
19:13:16.085,Mapped "{[/health || /health.json],methods=[GET],produces=[application/vnd.spring-boot.actuator.v1+json || application/json]}" onto public java.lang.Object org.springframework.boot.actuate.endpoint.mvc.HealthMvcEndpoint.invoke(javax.servlet.http.HttpServletRequest,java.security.Principal)
19:13:16.086,Mapped "{[/beans || /beans.json],methods=[GET],produces=[application/vnd.spring-boot.actuator.v1+json || application/json]}" onto public java.lang.Object org.springframework.boot.actuate.endpoint.mvc.EndpointMvcAdapter.invoke()
19:13:16.087,Mapped "{[/archaius || /archaius.json],methods=[GET],produces=[application/vnd.spring-boot.actuator.v1+json || application/json]}" onto public java.lang.Object org.springframework.boot.actuate.endpoint.mvc.EndpointMvcAdapter.invoke()
19:13:16.088,Mapped "{[/configprops || /configprops.json],methods=[GET],produces=[application/vnd.spring-boot.actuator.v1+json || application/json]}" onto public java.lang.Object org.springframework.boot.actuate.endpoint.mvc.EndpointMvcAdapter.invoke()
19:13:16.089,Mapped "{[/features || /features.json],methods=[GET],produces=[application/vnd.spring-boot.actuator.v1+json || application/json]}" onto public java.lang.Object org.springframework.boot.actuate.endpoint.mvc.EndpointMvcAdapter.invoke()
19:13:16.090,Mapped "{[/dump || /dump.json],methods=[GET],produces=[application/vnd.spring-boot.actuator.v1+json || application/json]}" onto public java.lang.Object org.springframework.boot.actuate.endpoint.mvc.EndpointMvcAdapter.invoke()
19:13:16.093,Mapped "{[/auditevents || /auditevents.json],methods=[GET],produces=[application/vnd.spring-boot.actuator.v1+json || application/json]}" onto public org.springframework.http.ResponseEntity<?> org.springframework.boot.actuate.endpoint.mvc.AuditEventsMvcEndpoint.findByPrincipalAndAfterAndType(java.lang.String,java.util.Date,java.lang.String)
19:13:16.096,Mapped "{[/heapdump || /heapdump.json],methods=[GET],produces=[application/octet-stream]}" onto public void org.springframework.boot.actuate.endpoint.mvc.HeapdumpMvcEndpoint.invoke(boolean,javax.servlet.http.HttpServletRequest,javax.servlet.http.HttpServletResponse) throws java.io.IOException,javax.servlet.ServletException
19:13:16.099,Mapped "{[/loggers/{name:.*}],methods=[GET],produces=[application/vnd.spring-boot.actuator.v1+json || application/json]}" onto public java.lang.Object org.springframework.boot.actuate.endpoint.mvc.LoggersMvcEndpoint.get(java.lang.String)
19:13:16.100,Mapped "{[/loggers/{name:.*}],methods=[POST],consumes=[application/vnd.spring-boot.actuator.v1+json || application/json],produces=[application/vnd.spring-boot.actuator.v1+json || application/json]}" onto public java.lang.Object org.springframework.boot.actuate.endpoint.mvc.LoggersMvcEndpoint.set(java.lang.String,java.util.Map<java.lang.String, java.lang.String>)
19:13:16.100,Mapped "{[/loggers || /loggers.json],methods=[GET],produces=[application/vnd.spring-boot.actuator.v1+json || application/json]}" onto public java.lang.Object org.springframework.boot.actuate.endpoint.mvc.EndpointMvcAdapter.invoke()
19:13:16.102,Mapped "{[/mappings || /mappings.json],methods=[GET],produces=[application/vnd.spring-boot.actuator.v1+json || application/json]}" onto public java.lang.Object org.springframework.boot.actuate.endpoint.mvc.EndpointMvcAdapter.invoke()
19:13:16.103,Mapped "{[/trace || /trace.json],methods=[GET],produces=[application/vnd.spring-boot.actuator.v1+json || application/json]}" onto public java.lang.Object org.springframework.boot.actuate.endpoint.mvc.EndpointMvcAdapter.invoke()
19:13:16.104,Mapped "{[/restart || /restart.json],methods=[POST]}" onto public java.lang.Object org.springframework.cloud.context.restart.RestartMvcEndpoint.invoke()
19:13:16.105,Mapped "{[/env],methods=[POST]}" onto public java.lang.Object org.springframework.cloud.context.environment.EnvironmentManagerMvcEndpoint.value(java.util.Map<java.lang.String, java.lang.String>)
19:13:16.105,Mapped "{[/env/reset],methods=[POST]}" onto public java.util.Map<java.lang.String, java.lang.Object> org.springframework.cloud.context.environment.EnvironmentManagerMvcEndpoint.reset()
19:13:16.106,Mapped "{[/resume || /resume.json],methods=[POST]}" onto public java.lang.Object org.springframework.cloud.endpoint.GenericPostableMvcEndpoint.invoke()
19:13:16.107,Mapped "{[/service-registry/instance-status],methods=[GET]}" onto public org.springframework.http.ResponseEntity org.springframework.cloud.client.serviceregistry.endpoint.ServiceRegistryEndpoint.getStatus()
19:13:16.107,Mapped "{[/service-registry/instance-status],methods=[POST]}" onto public org.springframework.http.ResponseEntity<?> org.springframework.cloud.client.serviceregistry.endpoint.ServiceRegistryEndpoint.setStatus(java.lang.String)
19:13:16.108,Mapped "{[/refresh || /refresh.json],methods=[POST]}" onto public java.lang.Object org.springframework.cloud.endpoint.GenericPostableMvcEndpoint.invoke()
19:13:16.109,Mapped "{[/info || /info.json],methods=[GET],produces=[application/vnd.spring-boot.actuator.v1+json || application/json]}" onto public java.lang.Object org.springframework.boot.actuate.endpoint.mvc.EndpointMvcAdapter.invoke()
19:13:16.110,Mapped "{[/autoconfig || /autoconfig.json],methods=[GET],produces=[application/vnd.spring-boot.actuator.v1+json || application/json]}" onto public java.lang.Object org.springframework.boot.actuate.endpoint.mvc.EndpointMvcAdapter.invoke()
19:13:16.110,Mapped "{[/pause || /pause.json],methods=[POST]}" onto public java.lang.Object org.springframework.cloud.endpoint.GenericPostableMvcEndpoint.invoke()
19:13:16.112,Mapped "{[/env/{name:.*}],methods=[GET],produces=[application/vnd.spring-boot.actuator.v1+json || application/json]}" onto public java.lang.Object org.springframework.boot.actuate.endpoint.mvc.EnvironmentMvcEndpoint.value(java.lang.String)
19:13:16.112,Mapped "{[/env || /env.json],methods=[GET],produces=[application/vnd.spring-boot.actuator.v1+json || application/json]}" onto public java.lang.Object org.springframework.boot.actuate.endpoint.mvc.EndpointMvcAdapter.invoke()
19:13:16.114,Mapped "{[/metrics/{name:.*}],methods=[GET],produces=[application/vnd.spring-boot.actuator.v1+json || application/json]}" onto public java.lang.Object org.springframework.boot.actuate.endpoint.mvc.MetricsMvcEndpoint.value(java.lang.String)
19:13:16.114,Mapped "{[/metrics || /metrics.json],methods=[GET],produces=[application/vnd.spring-boot.actuator.v1+json || application/json]}" onto public java.lang.Object org.springframework.boot.actuate.endpoint.mvc.EndpointMvcAdapter.invoke()
19:13:16.547,Mapped URL path [/v2/api-docs] onto method [public org.springframework.http.ResponseEntity<springfox.documentation.spring.web.json.Json> springfox.documentation.swagger2.web.Swagger2Controller.getDocumentation(java.lang.String,javax.servlet.http.HttpServletRequest)]
19:13:17.157,Looking for @ControllerAdvice: org.springframework.boot.context.embedded.AnnotationConfigEmbeddedWebApplicationContext@5a9800f8: startup date [Mon Mar 05 19:13:03 CST 2018]; parent: org.springframework.context.annotation.AnnotationConfigApplicationContext@345f69f3
19:13:17.281,Mapped URL path [/webjars/**] onto handler of type [class org.springframework.web.servlet.resource.ResourceHttpRequestHandler]
19:13:17.282,Mapped URL path [/**] onto handler of type [class org.springframework.web.servlet.resource.ResourceHttpRequestHandler]
19:13:17.376,Mapped URL path [/**/favicon.ico] onto handler of type [class org.springframework.web.servlet.resource.ResourceHttpRequestHandler]
19:13:18.234,No URLs will be polled as dynamic configuration sources.
19:13:18.235,To enable URLs as dynamic configuration sources, define System property archaius.configurationSource.additionalUrls or make config.properties available on classpath.
19:13:18.252,No URLs will be polled as dynamic configuration sources.
19:13:18.253,To enable URLs as dynamic configuration sources, define System property archaius.configurationSource.additionalUrls or make config.properties available on classpath.
19:13:18.708,Registering beans for JMX exposure on startup
19:13:18.727,Bean with name 'environmentManager' has been autodetected for JMX exposure
19:13:18.731,Bean with name 'configurationPropertiesRebinder' has been autodetected for JMX exposure
19:13:18.733,Bean with name 'refreshEndpoint' has been autodetected for JMX exposure
19:13:18.734,Bean with name 'restartEndpoint' has been autodetected for JMX exposure
19:13:18.735,Bean with name 'serviceRegistryEndpoint' has been autodetected for JMX exposure
19:13:18.737,Bean with name 'refreshScope' has been autodetected for JMX exposure
19:13:18.745,Located managed bean 'environmentManager': registering with JMX server as MBean [org.springframework.cloud.context.environment:name=environmentManager,type=EnvironmentManager]
19:13:18.769,Located managed bean 'restartEndpoint': registering with JMX server as MBean [org.springframework.cloud.context.restart:name=restartEndpoint,type=RestartEndpoint]
19:13:18.796,Located managed bean 'serviceRegistryEndpoint': registering with JMX server as MBean [org.springframework.cloud.client.serviceregistry.endpoint:name=serviceRegistryEndpoint,type=ServiceRegistryEndpoint]
19:13:18.811,Located managed bean 'refreshScope': registering with JMX server as MBean [org.springframework.cloud.context.scope.refresh:name=refreshScope,type=RefreshScope]
19:13:18.843,Located managed bean 'configurationPropertiesRebinder': registering with JMX server as MBean [org.springframework.cloud.context.properties:name=configurationPropertiesRebinder,context=5a9800f8,type=ConfigurationPropertiesRebinder]
19:13:18.856,Located managed bean 'refreshEndpoint': registering with JMX server as MBean [org.springframework.cloud.endpoint:name=refreshEndpoint,type=RefreshEndpoint]
19:13:18.861,Registering beans for JMX exposure on startup
19:13:19.264,Starting beans in phase 0
19:13:19.280,Setting initial instance status as: STARTING
19:13:19.380,Initializing Eureka in region us-east-1
19:13:19.574,Using JSON encoding codec LegacyJacksonJson
19:13:19.574,Using JSON decoding codec LegacyJacksonJson
19:13:19.741,Using XML encoding codec XStreamXml
19:13:19.742,Using XML decoding codec XStreamXml
19:13:20.207,Resolving eureka endpoints via configuration
19:13:20.578,Disable delta property : false
19:13:20.579,Single vip registry refresh property : null
19:13:20.579,Force full registry fetch : false
19:13:20.579,Application is null : false
19:13:20.579,Registered Applications size is zero : true
19:13:20.579,Application version is -1: true
19:13:20.580,Getting all instance registry info from the eureka server
19:13:20.952,The response status is 200
19:13:20.957,Starting heartbeat executor: renew interval is: 30
19:13:20.964,InstanceInfoReplicator onDemand update allowed rate per min is 4
19:13:20.974,Discovery Client initialized at timestamp 1520248400973 with initial instances count: 5
19:13:21.035,Registering application nbiot-app with eureka with status UP
19:13:21.035,Saw local status change event StatusChangeEvent [timestamp=1520248401035, current=UP, previous=STARTING]
19:13:21.043,Located managed bean 'auditEventsEndpoint': registering with JMX server as MBean [org.springframework.boot:type=Endpoint,name=auditEventsEndpoint]
19:13:21.056,Located managed bean 'featuresEndpoint': registering with JMX server as MBean [org.springframework.boot:type=Endpoint,name=featuresEndpoint]
19:13:21.071,Located managed bean 'requestMappingEndpoint': registering with JMX server as MBean [org.springframework.boot:type=Endpoint,name=requestMappingEndpoint]
19:13:21.076,Located managed bean 'environmentEndpoint': registering with JMX server as MBean [org.springframework.boot:type=Endpoint,name=environmentEndpoint]
19:13:21.081,Located managed bean 'healthEndpoint': registering with JMX server as MBean [org.springframework.boot:type=Endpoint,name=healthEndpoint]
19:13:21.085,Located managed bean 'beansEndpoint': registering with JMX server as MBean [org.springframework.boot:type=Endpoint,name=beansEndpoint]
19:13:21.090,Located managed bean 'infoEndpoint': registering with JMX server as MBean [org.springframework.boot:type=Endpoint,name=infoEndpoint]
19:13:21.095,Located managed bean 'loggersEndpoint': registering with JMX server as MBean [org.springframework.boot:type=Endpoint,name=loggersEndpoint]
19:13:21.108,Located managed bean 'metricsEndpoint': registering with JMX server as MBean [org.springframework.boot:type=Endpoint,name=metricsEndpoint]
19:13:21.113,Located managed bean 'traceEndpoint': registering with JMX server as MBean [org.springframework.boot:type=Endpoint,name=traceEndpoint]
19:13:21.117,Located managed bean 'dumpEndpoint': registering with JMX server as MBean [org.springframework.boot:type=Endpoint,name=dumpEndpoint]
19:13:21.122,Located managed bean 'autoConfigurationReportEndpoint': registering with JMX server as MBean [org.springframework.boot:type=Endpoint,name=autoConfigurationReportEndpoint]
19:13:21.127,Located managed bean 'configurationPropertiesReportEndpoint': registering with JMX server as MBean [org.springframework.boot:type=Endpoint,name=configurationPropertiesReportEndpoint]
19:13:21.132,Located managed bean 'archaiusEndpoint': registering with JMX server as MBean [org.springframework.boot:type=Endpoint,name=archaiusEndpoint]
19:13:21.135,Starting beans in phase 2147483647
19:13:21.136,Context refreshed
19:13:21.187,Found 1 custom documentation plugin(s)
19:13:21.247,Opened connection [connectionId{localValue:2, serverValue:1301}] to 192.168.1.90:17000
19:13:21.278,DiscoveryClient_NBIOT-APP/xuyahui:nbiot-app:9093: registering service...
19:13:21.352,DiscoveryClient_NBIOT-APP/xuyahui:nbiot-app:9093 - registration status: 204
19:13:21.363,Scanning for api listing references
19:13:22.237,No TaskScheduler/ScheduledExecutorService bean found for scheduled processing
19:13:22.261,Initializing ProtocolHandler ["http-nio-9093"]
19:13:22.275,Starting ProtocolHandler ["http-nio-9093"]
19:13:22.302,Using a shared selector for servlet write/read
19:13:22.332,Initializing ProtocolHandler ["https-jsse-nio-37000"]
19:13:22.481,Using a shared selector for servlet write/read
19:13:22.484,Starting ProtocolHandler ["https-jsse-nio-37000"]
19:13:22.558,Tomcat started on port(s): 9093 (http) 37000 (https)
19:13:22.560,Updating port to 9093
19:13:22.567,Started NBIoTApplication in 21.748 seconds (JVM running for 22.703)
19:15:28.618,Initializing Spring FrameworkServlet 'dispatcherServlet'
19:15:28.619,FrameworkServlet 'dispatcherServlet': initialization started
19:15:28.674,FrameworkServlet 'dispatcherServlet': initialization completed in 55 ms
19:18:20.589,Resolving eureka endpoints via configuration
19:23:20.597,Resolving eureka endpoints via configuration
19:28:20.605,Resolving eureka endpoints via configuration
19:33:20.612,Resolving eureka endpoints via configuration
19:38:20.619,Resolving eureka endpoints via configuration
19:43:20.626,Resolving eureka endpoints via configuration
19:48:20.633,Resolving eureka endpoints via configuration
19:53:20.640,Resolving eureka endpoints via configuration
