16:19:48.321,Refreshing org.springframework.context.annotation.AnnotationConfigApplicationContext@49c6c24f: startup date [Wed Jan 31 16:19:48 CST 2018]; root of context hierarchy
16:19:49.120,HV000001: Hibernate Validator 5.4.1.Final
16:19:49.208,JSR-330 'javax.inject.Inject' annotation found and supported for autowiring
16:19:49.273,Bean 'configurationPropertiesRebinderAutoConfiguration' of type [org.springframework.cloud.autoconfigure.ConfigurationPropertiesRebinderAutoConfiguration$$EnhancerBySpringCGLIB$$6f080017] is not eligible for getting processed by all BeanPostProcessors (for example: not eligible for auto-proxying)
16:19:50.349,No active profile set, falling back to default profiles: default
16:19:50.374,Refreshing org.springframework.boot.web.servlet.context.AnnotationConfigServletWebServerApplicationContext@5e268ce6: startup date [Wed Jan 31 16:19:50 CST 2018]; parent: org.springframework.context.annotation.AnnotationConfigApplicationContext@49c6c24f
16:19:52.674,Multiple Spring Data modules found, entering strict repository configuration mode!
16:19:52.890,Multiple Spring Data modules found, entering strict repository configuration mode!
16:19:52.922,Spring Data Redis - Could not safely identify store assignment for repository candidate interface com.nhb.NBIot.dataaccess.dao.DeviceInfoDao.
16:19:52.923,Spring Data Redis - Could not safely identify store assignment for repository candidate interface com.nhb.NBIot.dataaccess.dao.HistoryDataDao.
16:19:52.924,Spring Data Redis - Could not safely identify store assignment for repository candidate interface com.nhb.NBIot.dataaccess.dao.RealtimeDataDao.
16:19:52.924,Spring Data Redis - Could not safely identify store assignment for repository candidate interface com.nhb.NBIot.dataaccess.dao.TokenInfoDao.
16:19:53.492,BeanFactory id=5fe9edf6-8223-358f-b458-7043058d6e3e
16:19:53.534,JSR-330 'javax.inject.Inject' annotation found and supported for autowiring
16:19:53.729,Bean 'org.springframework.cloud.netflix.metrics.MetricsInterceptorConfiguration$MetricsRestTemplateConfiguration' of type [org.springframework.cloud.netflix.metrics.MetricsInterceptorConfiguration$MetricsRestTemplateConfiguration$$EnhancerBySpringCGLIB$$851aa35b] is not eligible for getting processed by all BeanPostProcessors (for example: not eligible for auto-proxying)
16:19:53.753,Bean 'org.springframework.cloud.autoconfigure.ConfigurationPropertiesRebinderAutoConfiguration' of type [org.springframework.cloud.autoconfigure.ConfigurationPropertiesRebinderAutoConfiguration$$EnhancerBySpringCGLIB$$6f080017] is not eligible for getting processed by all BeanPostProcessors (for example: not eligible for auto-proxying)
16:19:55.218,Tomcat initialized with port(s): 36000 (https)
16:19:55.240,Starting service [Tomcat]
16:19:55.241,Starting Servlet Engine: Apache Tomcat/8.5.16
16:19:55.504,Initializing Spring embedded WebApplicationContext
16:19:55.505,Root WebApplicationContext: initialization completed in 5131 ms
16:19:55.979,Mapping servlet: 'dispatcherServlet' to [/]
16:19:55.987,Mapping filter: 'metricsFilter' to: [/*]
16:19:55.988,Mapping filter: 'characterEncodingFilter' to: [/*]
16:19:55.988,Mapping filter: 'hiddenHttpMethodFilter' to: [/*]
16:19:55.988,Mapping filter: 'httpPutFormContentFilter' to: [/*]
16:19:55.989,Mapping filter: 'requestContextFilter' to: [/*]
16:19:55.989,Mapping filter: 'webRequestLoggingFilter' to: [/*]
16:19:55.989,Mapping filter: 'crosFilter' to: [/*]
16:19:57.423,Cluster created with settings {hosts=[192.168.1.90:17000], mode=MULTIPLE, requiredClusterType=UNKNOWN, serverSelectionTimeout='30000 ms', maxWaitQueueSize=500}
16:19:57.424,Adding discovered server 192.168.1.90:17000 to client view of cluster
16:19:57.564,Opened connection [connectionId{localValue:1, serverValue:542}] to 192.168.1.90:17000
16:19:57.569,Monitor thread successfully connected to server with description ServerDescription{address=192.168.1.90:17000, type=STANDALONE, state=CONNECTED, ok=true, version=ServerVersion{versionList=[3, 4, 6]}, minWireVersion=0, maxWireVersion=5, maxDocumentSize=16777216, roundTripTimeNanos=2699883}
16:19:57.571,Discovered cluster type of STANDALONE
16:19:59.503,Mapped "{[/na/iocm/devNotify/v1.1.0/addDevice],methods=[POST],produces=[application/json]}" onto public org.springframework.http.ResponseEntity<org.springframework.http.HttpStatus> com.nhb.NBIot.api.callback.MessageNotificationController.addDevice(com.nhb.NBIot.dto.device.DeviceAddedDTO) throws java.lang.Exception
16:19:59.505,Mapped "{[/na/iocm/devNotify/v1.1.0/updateDeviceInfo],methods=[POST],produces=[application/json]}" onto public org.springframework.http.ResponseEntity<org.springframework.http.HttpStatus> com.nhb.NBIot.api.callback.MessageNotificationController.updateDeviceInfo(com.nhb.NBIot.dto.device.DeviceAddedDTO) throws java.lang.Exception
16:19:59.506,Mapped "{[/na/iocm/devNotify/v1.1.0/updateDeviceData],methods=[POST],produces=[application/json]}" onto public org.springframework.http.ResponseEntity<org.springframework.http.HttpStatus> com.nhb.NBIot.api.callback.MessageNotificationController.updateDeviceData(com.nhb.NBIot.dto.data.DeviceDataChangedDTO) throws java.lang.Exception
16:19:59.506,Mapped "{[/na/iocm/devNotify/v1.1.0/deletedDevice],methods=[POST],produces=[application/json]}" onto public org.springframework.http.ResponseEntity<org.springframework.http.HttpStatus> com.nhb.NBIot.api.callback.MessageNotificationController.deleteDevice(com.nhb.NBIot.dto.device.DeviceAddedDTO)
16:19:59.510,Mapped "{[/nhb/nbiot/data/collector/v1/subscribe],methods=[POST]}" onto public com.nhb.utils.nhb_utils.common.RestResultDto com.nhb.NBIot.api.DataCollectorController.subscribe(java.lang.String)
16:19:59.510,Mapped "{[/nhb/nbiot/data/collector/v1/queryDevice],methods=[POST]}" onto public com.nhb.utils.nhb_utils.common.RestResultDto com.nhb.NBIot.api.DataCollectorController.queryDevice(java.lang.String)
16:19:59.511,Mapped "{[/nhb/nbiot/data/collector/v1/queryDevices],methods=[POST]}" onto public com.nhb.utils.nhb_utils.common.RestResultDto com.nhb.NBIot.api.DataCollectorController.queryDevices(com.nhb.NBIot.request.data.QueryDevicesRequest)
16:19:59.511,Mapped "{[/nhb/nbiot/data/collector/v1/deviceDataHistory],methods=[POST]}" onto public com.nhb.utils.nhb_utils.common.RestResultDto com.nhb.NBIot.api.DataCollectorController.deviceDataHistory(com.nhb.NBIot.request.data.DataHistoryRequest)
16:19:59.515,Mapped "{[/nhb/nbiot/device/manage/v1/modifyDeviceInfo],methods=[POST]}" onto public com.nhb.utils.nhb_utils.common.RestResultDto com.nhb.NBIot.api.DeviceManageController.modifyDeviceInfo(com.nhb.NBIot.request.device.UpdateDeviceInfoRequest)
16:19:59.516,Mapped "{[/nhb/nbiot/device/manage/v1/registerDirectlyConnectedDevice],methods=[POST]}" onto public com.nhb.utils.nhb_utils.common.RestResultDto com.nhb.NBIot.api.DeviceManageController.registerDirectlyConnectedDevice(com.nhb.NBIot.request.device.RegisterDeviceRequest)
16:19:59.517,Mapped "{[/nhb/nbiot/device/manage/v1/deleteDirectlyConnectedDevice],methods=[POST]}" onto public com.nhb.utils.nhb_utils.common.RestResultDto com.nhb.NBIot.api.DeviceManageController.deleteDirectlyConnectedDevice(com.nhb.NBIot.request.device.DeleteDeviceRequest)
16:19:59.524,Mapped "{[/swagger-resources]}" onto public org.springframework.http.ResponseEntity<java.util.List<springfox.documentation.swagger.web.SwaggerResource>> springfox.documentation.swagger.web.ApiResourceController.swaggerResources()
16:19:59.526,Mapped "{[/swagger-resources/configuration/ui]}" onto public org.springframework.http.ResponseEntity<springfox.documentation.swagger.web.UiConfiguration> springfox.documentation.swagger.web.ApiResourceController.uiConfiguration()
16:19:59.528,Mapped "{[/swagger-resources/configuration/security]}" onto public org.springframework.http.ResponseEntity<springfox.documentation.swagger.web.SecurityConfiguration> springfox.documentation.swagger.web.ApiResourceController.securityConfiguration()
16:19:59.541,Mapped "{[/error]}" onto public org.springframework.http.ResponseEntity<java.util.Map<java.lang.String, java.lang.Object>> org.springframework.boot.autoconfigure.web.servlet.error.BasicErrorController.error(javax.servlet.http.HttpServletRequest)
16:19:59.542,Mapped "{[/error],produces=[text/html]}" onto public org.springframework.web.servlet.ModelAndView org.springframework.boot.autoconfigure.web.servlet.error.BasicErrorController.errorHtml(javax.servlet.http.HttpServletRequest,javax.servlet.http.HttpServletResponse)
16:20:01.753,Mapped "{[/application/configprops || /application/configprops.json],methods=[GET],produces=[application/vnd.spring-boot.actuator.v2+json || application/json]}" onto public java.lang.Object org.springframework.boot.actuate.endpoint.mvc.EndpointMvcAdapter.invoke()
16:20:01.756,Mapped "{[/application/loggers/{name:.*}],methods=[GET],produces=[application/vnd.spring-boot.actuator.v2+json || application/json]}" onto public java.lang.Object org.springframework.boot.actuate.endpoint.mvc.LoggersMvcEndpoint.get(java.lang.String)
16:20:01.757,Mapped "{[/application/loggers/{name:.*}],methods=[POST],consumes=[application/vnd.spring-boot.actuator.v2+json || application/json],produces=[application/vnd.spring-boot.actuator.v2+json || application/json]}" onto public java.lang.Object org.springframework.boot.actuate.endpoint.mvc.LoggersMvcEndpoint.set(java.lang.String,java.util.Map<java.lang.String, java.lang.String>)
16:20:01.758,Mapped "{[/application/loggers || /application/loggers.json],methods=[GET],produces=[application/vnd.spring-boot.actuator.v2+json || application/json]}" onto public java.lang.Object org.springframework.boot.actuate.endpoint.mvc.EndpointMvcAdapter.invoke()
16:20:01.760,Mapped "{[/application/metrics/{name:.*}],methods=[GET],produces=[application/vnd.spring-boot.actuator.v2+json || application/json]}" onto public java.lang.Object org.springframework.boot.actuate.endpoint.mvc.MetricsMvcEndpoint.value(java.lang.String)
16:20:01.760,Mapped "{[/application/metrics || /application/metrics.json],methods=[GET],produces=[application/vnd.spring-boot.actuator.v2+json || application/json]}" onto public java.lang.Object org.springframework.boot.actuate.endpoint.mvc.EndpointMvcAdapter.invoke()
16:20:01.761,Mapped "{[/application/beans || /application/beans.json],methods=[GET],produces=[application/vnd.spring-boot.actuator.v2+json || application/json]}" onto public java.lang.Object org.springframework.boot.actuate.endpoint.mvc.EndpointMvcAdapter.invoke()
16:20:01.764,Mapped "{[/application/heapdump || /application/heapdump.json],methods=[GET],produces=[application/octet-stream]}" onto public void org.springframework.boot.actuate.endpoint.mvc.HeapdumpMvcEndpoint.invoke(boolean,javax.servlet.http.HttpServletRequest,javax.servlet.http.HttpServletResponse) throws java.io.IOException,javax.servlet.ServletException
16:20:01.765,Mapped "{[/application/features || /application/features.json],methods=[GET],produces=[application/vnd.spring-boot.actuator.v2+json || application/json]}" onto public java.lang.Object org.springframework.boot.actuate.endpoint.mvc.EndpointMvcAdapter.invoke()
16:20:01.766,Mapped "{[/application/mappings || /application/mappings.json],methods=[GET],produces=[application/vnd.spring-boot.actuator.v2+json || application/json]}" onto public java.lang.Object org.springframework.boot.actuate.endpoint.mvc.EndpointMvcAdapter.invoke()
16:20:01.769,Mapped "{[/application/env/{name:.*}],methods=[GET],produces=[application/vnd.spring-boot.actuator.v2+json || application/json]}" onto public java.lang.Object org.springframework.boot.actuate.endpoint.mvc.EnvironmentMvcEndpoint.value(java.lang.String)
16:20:01.769,Mapped "{[/application/env || /application/env.json],methods=[GET],produces=[application/vnd.spring-boot.actuator.v2+json || application/json]}" onto public java.lang.Object org.springframework.boot.actuate.endpoint.mvc.EndpointMvcAdapter.invoke()
16:20:01.770,Mapped "{[/application/info || /application/info.json],methods=[GET],produces=[application/vnd.spring-boot.actuator.v2+json || application/json]}" onto public java.lang.Object org.springframework.boot.actuate.endpoint.mvc.EndpointMvcAdapter.invoke()
16:20:01.771,Mapped "{[/application/dump || /application/dump.json],methods=[GET],produces=[application/vnd.spring-boot.actuator.v2+json || application/json]}" onto public java.lang.Object org.springframework.boot.actuate.endpoint.mvc.EndpointMvcAdapter.invoke()
16:20:01.772,Mapped "{[/application/autoconfig || /application/autoconfig.json],methods=[GET],produces=[application/vnd.spring-boot.actuator.v2+json || application/json]}" onto public java.lang.Object org.springframework.boot.actuate.endpoint.mvc.EndpointMvcAdapter.invoke()
16:20:01.774,Mapped "{[/application/env],methods=[POST]}" onto public java.lang.Object org.springframework.cloud.context.environment.EnvironmentManagerMvcEndpoint.value(java.util.Map<java.lang.String, java.lang.String>)
16:20:01.774,Mapped "{[/application/env/reset],methods=[POST]}" onto public java.util.Map<java.lang.String, java.lang.Object> org.springframework.cloud.context.environment.EnvironmentManagerMvcEndpoint.reset()
16:20:01.775,Mapped "{[/application/trace || /application/trace.json],methods=[GET],produces=[application/vnd.spring-boot.actuator.v2+json || application/json]}" onto public java.lang.Object org.springframework.boot.actuate.endpoint.mvc.EndpointMvcAdapter.invoke()
16:20:01.776,Mapped "{[/application/archaius || /application/archaius.json],methods=[GET],produces=[application/vnd.spring-boot.actuator.v2+json || application/json]}" onto public java.lang.Object org.springframework.boot.actuate.endpoint.mvc.EndpointMvcAdapter.invoke()
16:20:01.777,Mapped "{[/application/refresh || /application/refresh.json],methods=[POST]}" onto public java.lang.Object org.springframework.cloud.endpoint.GenericPostableMvcEndpoint.invoke()
16:20:01.779,Mapped "{[/application/health || /application/health.json],methods=[GET],produces=[application/vnd.spring-boot.actuator.v2+json || application/json]}" onto public java.lang.Object org.springframework.boot.actuate.endpoint.mvc.HealthMvcEndpoint.invoke(javax.servlet.http.HttpServletRequest,java.security.Principal)
16:20:01.780,Mapped "{[/application/service-registry/instance-status],methods=[GET]}" onto public org.springframework.http.ResponseEntity org.springframework.cloud.client.serviceregistry.endpoint.ServiceRegistryEndpoint.getStatus()
16:20:01.781,Mapped "{[/application/service-registry/instance-status],methods=[POST]}" onto public org.springframework.http.ResponseEntity<?> org.springframework.cloud.client.serviceregistry.endpoint.ServiceRegistryEndpoint.setStatus(java.lang.String)
16:20:01.783,Mapped "{[/application/auditevents || /application/auditevents.json],methods=[GET],produces=[application/vnd.spring-boot.actuator.v2+json || application/json]}" onto public org.springframework.http.ResponseEntity<?> org.springframework.boot.actuate.endpoint.mvc.AuditEventsMvcEndpoint.findByPrincipalAndAfterAndType(java.lang.String,java.util.Date,java.lang.String)
16:20:02.101,Mapped URL path [/v2/api-docs] onto method [public org.springframework.http.ResponseEntity<springfox.documentation.spring.web.json.Json> springfox.documentation.swagger2.web.Swagger2Controller.getDocumentation(java.lang.String,javax.servlet.http.HttpServletRequest)]
16:20:02.362,No URLs will be polled as dynamic configuration sources.
16:20:02.362,To enable URLs as dynamic configuration sources, define System property archaius.configurationSource.additionalUrls or make config.properties available on classpath.
16:20:02.375,No URLs will be polled as dynamic configuration sources.
16:20:02.375,To enable URLs as dynamic configuration sources, define System property archaius.configurationSource.additionalUrls or make config.properties available on classpath.
16:20:02.676,Looking for @ControllerAdvice: org.springframework.boot.web.servlet.context.AnnotationConfigServletWebServerApplicationContext@5e268ce6: startup date [Wed Jan 31 16:19:50 CST 2018]; parent: org.springframework.context.annotation.AnnotationConfigApplicationContext@49c6c24f
16:20:02.891,Mapped URL path [/webjars/**] onto handler of type [class org.springframework.web.servlet.resource.ResourceHttpRequestHandler]
16:20:02.891,Mapped URL path [/**] onto handler of type [class org.springframework.web.servlet.resource.ResourceHttpRequestHandler]
16:20:02.990,Mapped URL path [/**/favicon.ico] onto handler of type [class org.springframework.web.servlet.resource.ResourceHttpRequestHandler]
16:20:04.201,Registering beans for JMX exposure on startup
16:20:04.220,Bean with name 'environmentManager' has been autodetected for JMX exposure
16:20:04.223,Bean with name 'configurationPropertiesRebinder' has been autodetected for JMX exposure
16:20:04.224,Bean with name 'refreshEndpoint' has been autodetected for JMX exposure
16:20:04.226,Bean with name 'serviceRegistryEndpoint' has been autodetected for JMX exposure
16:20:04.227,Bean with name 'refreshScope' has been autodetected for JMX exposure
16:20:04.233,Located managed bean 'environmentManager': registering with JMX server as MBean [org.springframework.cloud.context.environment:name=environmentManager,type=EnvironmentManager]
16:20:04.263,Located managed bean 'serviceRegistryEndpoint': registering with JMX server as MBean [org.springframework.cloud.client.serviceregistry.endpoint:name=serviceRegistryEndpoint,type=ServiceRegistryEndpoint]
16:20:04.278,Located managed bean 'refreshScope': registering with JMX server as MBean [org.springframework.cloud.context.scope.refresh:name=refreshScope,type=RefreshScope]
16:20:04.315,Located managed bean 'configurationPropertiesRebinder': registering with JMX server as MBean [org.springframework.cloud.context.properties:name=configurationPropertiesRebinder,context=5e268ce6,type=ConfigurationPropertiesRebinder]
16:20:04.325,Located managed bean 'refreshEndpoint': registering with JMX server as MBean [org.springframework.cloud.endpoint:name=refreshEndpoint,type=RefreshEndpoint]
16:20:04.336,Registering beans for JMX exposure on startup
16:20:04.616,Starting beans in phase 0
16:20:04.631,Setting initial instance status as: STARTING
16:20:04.725,Initializing Eureka in region us-east-1
16:20:04.892,Using JSON encoding codec LegacyJacksonJson
16:20:04.892,Using JSON decoding codec LegacyJacksonJson
16:20:05.103,Using XML encoding codec XStreamXml
16:20:05.103,Using XML decoding codec XStreamXml
16:20:05.540,Resolving eureka endpoints via configuration
16:20:05.878,Disable delta property : false
16:20:05.879,Single vip registry refresh property : null
16:20:05.879,Force full registry fetch : false
16:20:05.879,Application is null : false
16:20:05.879,Registered Applications size is zero : true
16:20:05.879,Application version is -1: true
16:20:05.879,Getting all instance registry info from the eureka server
16:20:06.234,The response status is 200
16:20:06.236,Starting heartbeat executor: renew interval is: 30
16:20:06.242,InstanceInfoReplicator onDemand update allowed rate per min is 4
16:20:06.247,Discovery Client initialized at timestamp 1517386806247 with initial instances count: 2
16:20:06.309,Registering application nbiot-app with eureka with status UP
16:20:06.310,Saw local status change event StatusChangeEvent [timestamp=1517386806310, current=UP, previous=STARTING]
16:20:06.384,Located managed bean 'auditEventsEndpoint': registering with JMX server as MBean [org.springframework.boot:type=Endpoint,name=auditEventsEndpoint]
16:20:06.400,Located managed bean 'archaiusEndpoint': registering with JMX server as MBean [org.springframework.boot:type=Endpoint,name=archaiusEndpoint]
16:20:06.419,Located managed bean 'featuresEndpoint': registering with JMX server as MBean [org.springframework.boot:type=Endpoint,name=featuresEndpoint]
16:20:06.423,Located managed bean 'requestMappingEndpoint': registering with JMX server as MBean [org.springframework.boot:type=Endpoint,name=requestMappingEndpoint]
16:20:06.428,Located managed bean 'environmentEndpoint': registering with JMX server as MBean [org.springframework.boot:type=Endpoint,name=environmentEndpoint]
16:20:06.433,Located managed bean 'healthEndpoint': registering with JMX server as MBean [org.springframework.boot:type=Endpoint,name=healthEndpoint]
16:20:06.438,Located managed bean 'beansEndpoint': registering with JMX server as MBean [org.springframework.boot:type=Endpoint,name=beansEndpoint]
16:20:06.442,Located managed bean 'infoEndpoint': registering with JMX server as MBean [org.springframework.boot:type=Endpoint,name=infoEndpoint]
16:20:06.446,Located managed bean 'loggersEndpoint': registering with JMX server as MBean [org.springframework.boot:type=Endpoint,name=loggersEndpoint]
16:20:06.470,Located managed bean 'metricsEndpoint': registering with JMX server as MBean [org.springframework.boot:type=Endpoint,name=metricsEndpoint]
16:20:06.475,Located managed bean 'traceEndpoint': registering with JMX server as MBean [org.springframework.boot:type=Endpoint,name=traceEndpoint]
16:20:06.479,Located managed bean 'dumpEndpoint': registering with JMX server as MBean [org.springframework.boot:type=Endpoint,name=dumpEndpoint]
16:20:06.484,Located managed bean 'autoConfigurationReportEndpoint': registering with JMX server as MBean [org.springframework.boot:type=Endpoint,name=autoConfigurationReportEndpoint]
16:20:06.489,Located managed bean 'configurationPropertiesReportEndpoint': registering with JMX server as MBean [org.springframework.boot:type=Endpoint,name=configurationPropertiesReportEndpoint]
16:20:06.492,Starting beans in phase 2147483647
16:20:06.492,Context refreshed
16:20:06.625,Opened connection [connectionId{localValue:2, serverValue:543}] to 192.168.1.90:17000
16:20:06.653,DiscoveryClient_NBIOT-APP/xuyahui:nbiot-app:36000: registering service...
16:20:06.709,DiscoveryClient_NBIOT-APP/xuyahui:nbiot-app:36000 - registration status: 204
16:20:06.728,Found 1 custom documentation plugin(s)
16:20:06.919,Scanning for api listing references
16:20:08.512,No TaskScheduler/ScheduledExecutorService bean found for scheduled processing
16:20:08.534,Initializing ProtocolHandler ["https-jsse-nio-36000"]
16:20:08.556,Starting ProtocolHandler ["https-jsse-nio-36000"]
16:20:08.667,Using a shared selector for servlet write/read
16:20:08.731,Tomcat started on port(s): 36000 (https)
16:20:08.733,Updating port to 36000
16:20:08.742,Started NBIoTApplication in 22.442 seconds (JVM running for 23.246)
16:25:05.890,Resolving eureka endpoints via configuration
16:30:05.899,Resolving eureka endpoints via configuration
16:35:05.901,Resolving eureka endpoints via configuration
16:37:16.741,Initializing Spring FrameworkServlet 'dispatcherServlet'
16:37:16.742,FrameworkServlet 'dispatcherServlet': initialization started
16:37:16.840,FrameworkServlet 'dispatcherServlet': initialization completed in 98 ms
16:40:05.903,Resolving eureka endpoints via configuration
16:45:05.905,Resolving eureka endpoints via configuration
16:50:05.907,Resolving eureka endpoints via configuration
16:55:05.910,Resolving eureka endpoints via configuration
17:00:05.914,Resolving eureka endpoints via configuration
17:05:05.916,Resolving eureka endpoints via configuration
17:10:05.918,Resolving eureka endpoints via configuration
17:15:05.920,Resolving eureka endpoints via configuration
